[0.405s] Invoking command in '/ROS_APP/ros_workspace/src/my_ros_pkg_py': PYTHONPATH=/ROS_APP/ros_workspace/build/my_ros_pkg_py/prefix_override:/usr/lib/python3/dist-packages/colcon_core/task/python/colcon_distutils_commands:/ROS_APP/ros_workspace/install/my_ros_pkg_py/lib/python3.10/site-packages:${PYTHONPATH} /usr/bin/python3 -W ignore:setup.py install is deprecated -W ignore:easy_install command is deprecated setup.py egg_info --egg-base ../../build/my_ros_pkg_py build --build-base /ROS_APP/ros_workspace/build/my_ros_pkg_py/build install --record /ROS_APP/ros_workspace/build/my_ros_pkg_py/install.log --single-version-externally-managed install_data
[0.543s] running egg_info
[0.543s] creating ../../build/my_ros_pkg_py/my_ros_pkg_py.egg-info
[0.543s] writing ../../build/my_ros_pkg_py/my_ros_pkg_py.egg-info/PKG-INFO
[0.544s] writing dependency_links to ../../build/my_ros_pkg_py/my_ros_pkg_py.egg-info/dependency_links.txt
[0.544s] writing entry points to ../../build/my_ros_pkg_py/my_ros_pkg_py.egg-info/entry_points.txt
[0.544s] writing requirements to ../../build/my_ros_pkg_py/my_ros_pkg_py.egg-info/requires.txt
[0.544s] writing top-level names to ../../build/my_ros_pkg_py/my_ros_pkg_py.egg-info/top_level.txt
[0.544s] writing manifest file '../../build/my_ros_pkg_py/my_ros_pkg_py.egg-info/SOURCES.txt'
[0.545s] reading manifest file '../../build/my_ros_pkg_py/my_ros_pkg_py.egg-info/SOURCES.txt'
[0.545s] writing manifest file '../../build/my_ros_pkg_py/my_ros_pkg_py.egg-info/SOURCES.txt'
[0.545s] running build
[0.545s] running build_py
[0.546s] creating /ROS_APP/ros_workspace/build/my_ros_pkg_py/build
[0.546s] creating /ROS_APP/ros_workspace/build/my_ros_pkg_py/build/lib
[0.546s] creating /ROS_APP/ros_workspace/build/my_ros_pkg_py/build/lib/my_ros_pkg_py
[0.546s] copying my_ros_pkg_py/__init__.py -> /ROS_APP/ros_workspace/build/my_ros_pkg_py/build/lib/my_ros_pkg_py
[0.546s] running install
[0.546s] running install_lib
[0.547s] creating /ROS_APP/ros_workspace/install/my_ros_pkg_py/lib/python3.10/site-packages/my_ros_pkg_py
[0.547s] copying /ROS_APP/ros_workspace/build/my_ros_pkg_py/build/lib/my_ros_pkg_py/__init__.py -> /ROS_APP/ros_workspace/install/my_ros_pkg_py/lib/python3.10/site-packages/my_ros_pkg_py
[0.547s] byte-compiling /ROS_APP/ros_workspace/install/my_ros_pkg_py/lib/python3.10/site-packages/my_ros_pkg_py/__init__.py to __init__.cpython-310.pyc
[0.547s] running install_data
[0.547s] creating /ROS_APP/ros_workspace/install/my_ros_pkg_py/share/ament_index
[0.547s] creating /ROS_APP/ros_workspace/install/my_ros_pkg_py/share/ament_index/resource_index
[0.548s] creating /ROS_APP/ros_workspace/install/my_ros_pkg_py/share/ament_index/resource_index/packages
[0.548s] copying resource/my_ros_pkg_py -> /ROS_APP/ros_workspace/install/my_ros_pkg_py/share/ament_index/resource_index/packages
[0.548s] copying package.xml -> /ROS_APP/ros_workspace/install/my_ros_pkg_py/share/my_ros_pkg_py
[0.548s] running install_egg_info
[0.548s] Copying ../../build/my_ros_pkg_py/my_ros_pkg_py.egg-info to /ROS_APP/ros_workspace/install/my_ros_pkg_py/lib/python3.10/site-packages/my_ros_pkg_py-0.0.0-py3.10.egg-info
[0.549s] running install_scripts
[0.564s] writing list of installed files to '/ROS_APP/ros_workspace/build/my_ros_pkg_py/install.log'
[0.579s] Invoked command in '/ROS_APP/ros_workspace/src/my_ros_pkg_py' returned '0': PYTHONPATH=/ROS_APP/ros_workspace/build/my_ros_pkg_py/prefix_override:/usr/lib/python3/dist-packages/colcon_core/task/python/colcon_distutils_commands:/ROS_APP/ros_workspace/install/my_ros_pkg_py/lib/python3.10/site-packages:${PYTHONPATH} /usr/bin/python3 -W ignore:setup.py install is deprecated -W ignore:easy_install command is deprecated setup.py egg_info --egg-base ../../build/my_ros_pkg_py build --build-base /ROS_APP/ros_workspace/build/my_ros_pkg_py/build install --record /ROS_APP/ros_workspace/build/my_ros_pkg_py/install.log --single-version-externally-managed install_data
