[0.354s] Invoking command in '/ROS_APP/ros_workspace/src/my_ros_pkg_py': PYTHONPATH=/ROS_APP/ros_workspace/build/my_ros_pkg_py/prefix_override:/usr/lib/python3/dist-packages/colcon_core/task/python/colcon_distutils_commands:/ROS_APP/ros_workspace/install/my_ros_pkg_py/lib/python3.10/site-packages:${PYTHONPATH} /usr/bin/python3 -W ignore:setup.py install is deprecated -W ignore:easy_install command is deprecated setup.py egg_info --egg-base ../../build/my_ros_pkg_py build --build-base /ROS_APP/ros_workspace/build/my_ros_pkg_py/build install --record /ROS_APP/ros_workspace/build/my_ros_pkg_py/install.log --single-version-externally-managed install_data
[0.490s] running egg_info
[0.490s] writing ../../build/my_ros_pkg_py/my_ros_pkg_py.egg-info/PKG-INFO
[0.491s] writing dependency_links to ../../build/my_ros_pkg_py/my_ros_pkg_py.egg-info/dependency_links.txt
[0.491s] writing entry points to ../../build/my_ros_pkg_py/my_ros_pkg_py.egg-info/entry_points.txt
[0.491s] writing requirements to ../../build/my_ros_pkg_py/my_ros_pkg_py.egg-info/requires.txt
[0.491s] writing top-level names to ../../build/my_ros_pkg_py/my_ros_pkg_py.egg-info/top_level.txt
[0.493s] reading manifest file '../../build/my_ros_pkg_py/my_ros_pkg_py.egg-info/SOURCES.txt'
[0.493s] writing manifest file '../../build/my_ros_pkg_py/my_ros_pkg_py.egg-info/SOURCES.txt'
[0.494s] running build
[0.494s] running build_py
[0.494s] running install
[0.494s] running install_lib
[0.495s] running install_data
[0.495s] running install_egg_info
[0.497s] removing '/ROS_APP/ros_workspace/install/my_ros_pkg_py/lib/python3.10/site-packages/my_ros_pkg_py-0.0.0-py3.10.egg-info' (and everything under it)
[0.497s] Copying ../../build/my_ros_pkg_py/my_ros_pkg_py.egg-info to /ROS_APP/ros_workspace/install/my_ros_pkg_py/lib/python3.10/site-packages/my_ros_pkg_py-0.0.0-py3.10.egg-info
[0.498s] running install_scripts
[0.512s] Installing test_custom_node script to /ROS_APP/ros_workspace/install/my_ros_pkg_py/lib/my_ros_pkg_py
[0.512s] writing list of installed files to '/ROS_APP/ros_workspace/build/my_ros_pkg_py/install.log'
[0.527s] Invoked command in '/ROS_APP/ros_workspace/src/my_ros_pkg_py' returned '0': PYTHONPATH=/ROS_APP/ros_workspace/build/my_ros_pkg_py/prefix_override:/usr/lib/python3/dist-packages/colcon_core/task/python/colcon_distutils_commands:/ROS_APP/ros_workspace/install/my_ros_pkg_py/lib/python3.10/site-packages:${PYTHONPATH} /usr/bin/python3 -W ignore:setup.py install is deprecated -W ignore:easy_install command is deprecated setup.py egg_info --egg-base ../../build/my_ros_pkg_py build --build-base /ROS_APP/ros_workspace/build/my_ros_pkg_py/build install --record /ROS_APP/ros_workspace/build/my_ros_pkg_py/install.log --single-version-externally-managed install_data
