running egg_info
writing ../../build/my_ros_pkg_py/my_ros_pkg_py.egg-info/PKG-INFO
writing dependency_links to ../../build/my_ros_pkg_py/my_ros_pkg_py.egg-info/dependency_links.txt
writing entry points to ../../build/my_ros_pkg_py/my_ros_pkg_py.egg-info/entry_points.txt
writing requirements to ../../build/my_ros_pkg_py/my_ros_pkg_py.egg-info/requires.txt
writing top-level names to ../../build/my_ros_pkg_py/my_ros_pkg_py.egg-info/top_level.txt
reading manifest file '../../build/my_ros_pkg_py/my_ros_pkg_py.egg-info/SOURCES.txt'
writing manifest file '../../build/my_ros_pkg_py/my_ros_pkg_py.egg-info/SOURCES.txt'
running build
running build_py
copying my_ros_pkg_py/my_node1.py -> /ROS_APP/ros_workspace/build/my_ros_pkg_py/build/lib/my_ros_pkg_py
running install
running install_lib
copying /ROS_APP/ros_workspace/build/my_ros_pkg_py/build/lib/my_ros_pkg_py/my_node1.py -> /ROS_APP/ros_workspace/install/my_ros_pkg_py/lib/python3.10/site-packages/my_ros_pkg_py
byte-compiling /ROS_APP/ros_workspace/install/my_ros_pkg_py/lib/python3.10/site-packages/my_ros_pkg_py/my_node1.py to my_node1.cpython-310.pyc
running install_data
running install_egg_info
removing '/ROS_APP/ros_workspace/install/my_ros_pkg_py/lib/python3.10/site-packages/my_ros_pkg_py-0.0.0-py3.10.egg-info' (and everything under it)
Copying ../../build/my_ros_pkg_py/my_ros_pkg_py.egg-info to /ROS_APP/ros_workspace/install/my_ros_pkg_py/lib/python3.10/site-packages/my_ros_pkg_py-0.0.0-py3.10.egg-info
running install_scripts
Installing test_custom_node script to /ROS_APP/ros_workspace/install/my_ros_pkg_py/lib/my_ros_pkg_py
writing list of installed files to '/ROS_APP/ros_workspace/build/my_ros_pkg_py/install.log'
